<?xml version="1.0" encoding="UTF-8"?>
<testng-results ignored="0" total="1" passed="1" failed="0" skipped="0">
  <reporter-output>
  </reporter-output>
  <suite started-at="2024-03-23T12:26:57 GMT+05:30" name="Suite" finished-at="2024-03-23T12:27:18 GMT+05:30" duration-ms="20974">
    <groups>
    </groups>
    <test started-at="2024-03-23T12:26:57 GMT+05:30" name="Test" finished-at="2024-03-23T12:27:18 GMT+05:30" duration-ms="20974">
      <class name="com.miniProject.testClasses.Flipkart">
        <test-method is-config="true" signature="loadUrl()[pri:0, instance:com.miniProject.testClasses.Flipkart@6e0f5f7f]" started-at="2024-03-23T12:26:53 GMT+05:30" name="loadUrl" finished-at="2024-03-23T12:26:57 GMT+05:30" duration-ms="3938" status="PASS">
          <reporter-output>
          </reporter-output>
        </test-method> <!-- loadUrl -->
        <test-method signature="login()[pri:0, instance:com.miniProject.testClasses.Flipkart@6e0f5f7f]" started-at="2024-03-23T12:26:57 GMT+05:30" name="login" finished-at="2024-03-23T12:27:18 GMT+05:30" duration-ms="20944" status="PASS">
          <reporter-output>
          </reporter-output>
        </test-method> <!-- login -->
        <test-method is-config="true" signature="quit()[pri:0, instance:com.miniProject.testClasses.Flipkart@6e0f5f7f]" started-at="2024-03-23T12:27:18 GMT+05:30" name="quit" finished-at="2024-03-23T12:27:18 GMT+05:30" duration-ms="191" status="PASS">
          <reporter-output>
          </reporter-output>
        </test-method> <!-- quit -->
      </class> <!-- com.miniProject.testClasses.Flipkart -->
    </test> <!-- Test -->
  </suite> <!-- Suite -->
</testng-results>
